<?xml version="1.0" encoding="UTF-8"?>
<!-- Generated by org.testng.reporters.JUnitXMLReporter -->
<testsuite ignored="0" hostname="LIN30000421" failures="0" tests="1" name="TestChrome" time="5.349" errors="0" timestamp="2023-04-20T14:09:54 IST">
  <testcase classname="tests.Flipkart_TC" name="@BeforeTest launchFlipkart" time="5.252">
    <failure type="java.lang.RuntimeException" message="java.lang.reflect.InvocationTargetException">
      <![CDATA[java.lang.RuntimeException: java.lang.reflect.InvocationTargetException
at org.openqa.selenium.support.PageFactory.instantiatePage(PageFactory.java:138)
at org.openqa.selenium.support.PageFactory.initElements(PageFactory.java:64)
at tests.Flipkart_TC.launchFlipkart(Flipkart_TC.java:21)
at org.openqa.selenium.support.PageFactory.instantiatePage(PageFactory.java:129)
... 26 more
Caused by: java.lang.NullPointerException
at java.base/java.util.Objects.requireNonNull(Objects.java:208)
at org.openqa.selenium.support.ui.FluentWait.<init>(FluentWait.java:106)
at org.openqa.selenium.support.ui.WebDriverWait.<init>(WebDriverWait.java:85)
at org.openqa.selenium.support.ui.WebDriverWait.<init>(WebDriverWait.java:45)
at pages.HomePage.<init>(HomePage.java:21)
... 32 more
... Removed 30 stack frames]]>
    </failure>
  </testcase> <!-- @BeforeTest launchFlipkart -->
  <testcase classname="tests.Flipkart_TC" name="@AfterTest closeSession" time="-1.681979994111E9">
    <skipped/>
  </testcase> <!-- @AfterTest closeSession -->
  <testcase classname="tests.Flipkart_TC" name="search_Mobile_Phone_Test" time="0.0">
    <skipped/>
  </testcase> <!-- search_Mobile_Phone_Test -->
</testsuite> <!-- TestChrome -->
